# JRE version: Java(TM) SE Runtime Environment (17.0.10+11) (build 17.0.10+11-LTS-240)
# Java VM: Java HotSpot(TM) 64-Bit Server VM (17.0.10+11-LTS-240, mixed mode, sharing, tiered, compressed oops, compressed class ptrs, g1 gc, windows-amd64)
GC Precious Log:
 CPUs: 16 total, 16 available
 Memory: 65263M
 Large Page Support: Disabled
 NUMA Support: Disabled
 Compressed Oops: Enabled (32-bit)
 Heap Region Size: 1M
 Heap Min Capacity: 8M
 Heap Initial Capacity: 1020M
 Heap Max Capacity: 1G
 Pre-touch: Disabled
 Parallel Workers: 13
 Concurrent Workers: 3
 Concurrent Refinement Workers: 13
 Periodic GC: Disabled
Heap:
 garbage-first heap   total 270336K, used 112105K [0x00000000c0000000, 0x0000000100000000)
  region size 1024K, 34 young (34816K), 1 survivors (1024K)
 Metaspace       used 9994K, committed 10240K, reserved 1114112K
  class space    used 1482K, committed 1600K, reserved 1048576K
GC Heap History (20 events):
Event: 186.689 GC heap before
{Heap before GC invocations=1015 (full 22):
 garbage-first heap   total 270336K, used 237874K [0x00000000c0000000, 0x0000000100000000)
  region size 1024K, 156 young (159744K), 1 survivors (1024K)
 Metaspace       used 9988K, committed 10240K, reserved 1114112K
  class space    used 1480K, committed 1600K, reserved 1048576K
}
Event: 186.690 GC heap after
{Heap after GC invocations=1016 (full 22):
 garbage-first heap   total 270336K, used 79074K [0x00000000c0000000, 0x0000000100000000)
  region size 1024K, 1 young (1024K), 1 survivors (1024K)
 Metaspace       used 9988K, committed 10240K, reserved 1114112K
  class space    used 1480K, committed 1600K, reserved 1048576K
}
Event: 186.892 GC heap before
{Heap before GC invocations=1016 (full 22):
 garbage-first heap   total 270336K, used 237794K [0x00000000c0000000, 0x0000000100000000)
  region size 1024K, 156 young (159744K), 1 survivors (1024K)
 Metaspace       used 9988K, committed 10240K, reserved 1114112K
  class space    used 1480K, committed 1600K, reserved 1048576K
}
Event: 186.893 GC heap after
{Heap after GC invocations=1017 (full 22):
 garbage-first heap   total 270336K, used 79128K [0x00000000c0000000, 0x0000000100000000)
  region size 1024K, 1 young (1024K), 1 survivors (1024K)
 Metaspace       used 9988K, committed 10240K, reserved 1114112K
  class space    used 1480K, committed 1600K, reserved 1048576K
}
Event: 187.078 GC heap before
{Heap before GC invocations=1017 (full 22):
 garbage-first heap   total 270336K, used 237848K [0x00000000c0000000, 0x0000000100000000)
  region size 1024K, 156 young (159744K), 1 survivors (1024K)
 Metaspace       used 9988K, committed 10240K, reserved 1114112K
  class space    used 1480K, committed 1600K, reserved 1048576K
}
Event: 187.078 GC heap after
{Heap after GC invocations=1018 (full 22):
 garbage-first heap   total 270336K, used 79076K [0x00000000c0000000, 0x0000000100000000)
  region size 1024K, 1 young (1024K), 1 survivors (1024K)
 Metaspace       used 9988K, committed 10240K, reserved 1114112K
  class space    used 1480K, committed 1600K, reserved 1048576K
}
Event: 187.257 GC heap before
{Heap before GC invocations=1018 (full 22):
 garbage-first heap   total 270336K, used 237796K [0x00000000c0000000, 0x0000000100000000)
  region size 1024K, 156 young (159744K), 1 survivors (1024K)
 Metaspace       used 9988K, committed 10240K, reserved 1114112K
  class space    used 1480K, committed 1600K, reserved 1048576K
}
Event: 187.258 GC heap after
{Heap after GC invocations=1019 (full 22):
 garbage-first heap   total 270336K, used 79164K [0x00000000c0000000, 0x0000000100000000)
  region size 1024K, 1 young (1024K), 1 survivors (1024K)
 Metaspace       used 9988K, committed 10240K, reserved 1114112K
  class space    used 1480K, committed 1600K, reserved 1048576K
}
Event: 187.436 GC heap before
{Heap before GC invocations=1019 (full 22):
 garbage-first heap   total 270336K, used 237884K [0x00000000c0000000, 0x0000000100000000)
  region size 1024K, 156 young (159744K), 1 survivors (1024K)
 Metaspace       used 9988K, committed 10240K, reserved 1114112K
  class space    used 1480K, committed 1600K, reserved 1048576K
}
Event: 187.437 GC heap after
{Heap after GC invocations=1020 (full 22):
 garbage-first heap   total 270336K, used 79139K [0x00000000c0000000, 0x0000000100000000)
  region size 1024K, 1 young (1024K), 1 survivors (1024K)
 Metaspace       used 9988K, committed 10240K, reserved 1114112K
  class space    used 1480K, committed 1600K, reserved 1048576K
}
Event: 187.626 GC heap before
{Heap before GC invocations=1020 (full 22):
 garbage-first heap   total 270336K, used 237859K [0x00000000c0000000, 0x0000000100000000)
  region size 1024K, 156 young (159744K), 1 survivors (1024K)
 Metaspace       used 9988K, committed 10240K, reserved 1114112K
  class space    used 1480K, committed 1600K, reserved 1048576K
}
Event: 187.627 GC heap after
{Heap after GC invocations=1021 (full 22):
 garbage-first heap   total 270336K, used 79112K [0x00000000c0000000, 0x0000000100000000)
  region size 1024K, 1 young (1024K), 1 survivors (1024K)
 Metaspace       used 9988K, committed 10240K, reserved 1114112K
  class space    used 1480K, committed 1600K, reserved 1048576K
}
Event: 187.816 GC heap before
{Heap before GC invocations=1021 (full 22):
 garbage-first heap   total 270336K, used 237832K [0x00000000c0000000, 0x0000000100000000)
  region size 1024K, 156 young (159744K), 1 survivors (1024K)
 Metaspace       used 9988K, committed 10240K, reserved 1114112K
  class space    used 1480K, committed 1600K, reserved 1048576K
}
Event: 187.817 GC heap after
{Heap after GC invocations=1022 (full 22):
 garbage-first heap   total 270336K, used 79096K [0x00000000c0000000, 0x0000000100000000)
  region size 1024K, 1 young (1024K), 1 survivors (1024K)
 Metaspace       used 9988K, committed 10240K, reserved 1114112K
  class space    used 1480K, committed 1600K, reserved 1048576K
}
Event: 188.037 GC heap before
{Heap before GC invocations=1022 (full 22):
 garbage-first heap   total 270336K, used 237816K [0x00000000c0000000, 0x0000000100000000)
  region size 1024K, 156 young (159744K), 1 survivors (1024K)
 Metaspace       used 9988K, committed 10240K, reserved 1114112K
  class space    used 1480K, committed 1600K, reserved 1048576K
}
Event: 188.038 GC heap after
{Heap after GC invocations=1023 (full 22):
 garbage-first heap   total 270336K, used 79150K [0x00000000c0000000, 0x0000000100000000)
  region size 1024K, 1 young (1024K), 1 survivors (1024K)
 Metaspace       used 9988K, committed 10240K, reserved 1114112K
  class space    used 1480K, committed 1600K, reserved 1048576K
}
Event: 188.194 GC heap before
{Heap before GC invocations=1023 (full 22):
 garbage-first heap   total 270336K, used 237870K [0x00000000c0000000, 0x0000000100000000)
  region size 1024K, 156 young (159744K), 1 survivors (1024K)
 Metaspace       used 9988K, committed 10240K, reserved 1114112K
  class space    used 1480K, committed 1600K, reserved 1048576K
}
Event: 188.195 GC heap after
{Heap after GC invocations=1024 (full 22):
 garbage-first heap   total 270336K, used 79127K [0x00000000c0000000, 0x0000000100000000)
  region size 1024K, 1 young (1024K), 1 survivors (1024K)
 Metaspace       used 9988K, committed 10240K, reserved 1114112K
  class space    used 1480K, committed 1600K, reserved 1048576K
}
Event: 188.409 GC heap before
{Heap before GC invocations=1024 (full 22):
 garbage-first heap   total 270336K, used 237847K [0x00000000c0000000, 0x0000000100000000)
  region size 1024K, 156 young (159744K), 1 survivors (1024K)
 Metaspace       used 9990K, committed 10240K, reserved 1114112K
  class space    used 1480K, committed 1600K, reserved 1048576K
}
Event: 188.410 GC heap after
{Heap after GC invocations=1025 (full 22):
 garbage-first heap   total 270336K, used 79337K [0x00000000c0000000, 0x0000000100000000)
  region size 1024K, 1 young (1024K), 1 survivors (1024K)
 Metaspace       used 9990K, committed 10240K, reserved 1114112K
  class space    used 1480K, committed 1600K, reserved 1048576K
}

